Created user - QxinXTwML6
Created user - p0AYzkrQso
Created user - U5RytDFtyW
Created user - e3ZWncmiUL
Created user - Zgzsff7IGX
Created user - kKi7c9prS5
Created user - 113jcawB9H
Created user - e58Rn6S8c0
Created user - MxddloYQWD
Created user - eyN7RB3eMm
Created user - 8zxlEr6JI7
Created user - LI89L5ZRy4
Created user - EObYEM9d92
Created user - MMhbRyGVew
Created user - PG46RE7ls3
Created user - LdypTNLGCF
Created user - MqsnXVBJH6
Created user - Ku4yNJ8UaL
Created user - yJPIJBXTM3
Created user - Umz99AVNzg
Created user - FRX5DUwNGf
Created user - mk4RvN4M2U
Created user - Fvq1hft43e
Created user - 6Wx6HyQK0x
Created user - yu3Gr1Mj2c
Created user - eVHAlNJ3AG
Created user - JQIUcuCZGt
Created user - 3lbciUGeb
Created user - wkj0YGnXx7
Not created user - rXB7r18iPh
